2019-08-04 15:35:11,171 [Worker-20] INFO  o.e.m.c.i.l.LifecycleMappingFactory - Using org.eclipse.m2e.jdt.JarLifecycleMapping lifecycle mapping for MavenProject: com.bahn.util:excel-util:1.0.0 @ C:\Users\michael\Documents\workspace\love-hong-kong\excel-util\pom.xml.
2019-08-04 15:35:12,045 [Worker-20] WARN  o.e.m.c.i.embedder.EclipseLogger - Using platform encoding (Cp1252 actually) to copy filtered resources, i.e. build is platform dependent!
2019-08-04 15:35:12,051 [Worker-20] INFO  o.e.m.c.i.embedder.EclipseLogger - Copying 0 resource
2019-08-04 15:35:12,053 [Worker-20] WARN  o.e.m.c.i.embedder.EclipseLogger - Using platform encoding (Cp1252 actually) to copy filtered resources, i.e. build is platform dependent!
2019-08-04 15:35:12,054 [Worker-20] INFO  o.e.m.c.i.embedder.EclipseLogger - Copying 0 resource
2019-08-04 15:35:13,068 [Worker-22] INFO  o.e.m.c.i.l.LifecycleMappingFactory - Using org.eclipse.m2e.jdt.JarLifecycleMapping lifecycle mapping for MavenProject: com.bahn.util:excel-util:1.0.0 @ C:\Users\michael\Documents\workspace\love-hong-kong\excel-util\pom.xml.
2019-08-04 15:35:13,820 [Worker-22] WARN  o.e.m.c.i.embedder.EclipseLogger - Using platform encoding (Cp1252 actually) to copy filtered resources, i.e. build is platform dependent!
2019-08-04 15:35:13,824 [Worker-22] INFO  o.e.m.c.i.embedder.EclipseLogger - Copying 0 resource
2019-08-04 15:35:13,825 [Worker-22] WARN  o.e.m.c.i.embedder.EclipseLogger - Using platform encoding (Cp1252 actually) to copy filtered resources, i.e. build is platform dependent!
2019-08-04 15:35:13,826 [Worker-22] INFO  o.e.m.c.i.embedder.EclipseLogger - Copying 0 resource
2019-08-04 15:35:17,214 [Worker-20] INFO  o.e.m.c.i.p.ProjectConfigurationManager - Update started
2019-08-04 15:35:17,632 [Worker-20] INFO  o.e.m.c.i.l.LifecycleMappingFactory - Using org.eclipse.m2e.jdt.JarLifecycleMapping lifecycle mapping for MavenProject: com.bahn.util:excel-util:1.0.0 @ C:\Users\michael\Documents\workspace\love-hong-kong\excel-util\pom.xml.
2019-08-04 15:35:17,806 [Worker-20] INFO  o.e.m.j.i.AbstractJavaProjectConfigurator - Adding source folder /excel-util/src/main/java
2019-08-04 15:35:17,806 [Worker-20] INFO  o.e.m.j.i.AbstractJavaProjectConfigurator - Adding resource folder /excel-util/src/main/resources
2019-08-04 15:35:17,807 [Worker-20] INFO  o.e.m.j.i.AbstractJavaProjectConfigurator - Adding source folder /excel-util/src/test/java
2019-08-04 15:35:17,807 [Worker-20] INFO  o.e.m.j.i.AbstractJavaProjectConfigurator - Adding resource folder /excel-util/src/test/resources
2019-08-04 15:35:17,902 [Worker-20] INFO  o.e.m.c.i.p.ProjectConfigurationManager - Update completed: 0 sec
2019-08-04 15:35:18,124 [Worker-10] WARN  o.e.m.c.i.embedder.EclipseLogger - Using platform encoding (Cp1252 actually) to copy filtered resources, i.e. build is platform dependent!
2019-08-04 15:35:18,125 [Worker-10] INFO  o.e.m.c.i.embedder.EclipseLogger - Copying 0 resource
2019-08-04 15:35:18,127 [Worker-10] WARN  o.e.m.c.i.embedder.EclipseLogger - Using platform encoding (Cp1252 actually) to copy filtered resources, i.e. build is platform dependent!
2019-08-04 15:35:18,127 [Worker-10] INFO  o.e.m.c.i.embedder.EclipseLogger - Copying 0 resource
2019-08-04 15:36:38,276 [Worker-14] INFO  o.e.m.c.i.l.LifecycleMappingFactory - Using org.eclipse.m2e.jdt.JarLifecycleMapping lifecycle mapping for MavenProject: com.bahn:love-hong-kong-main:1.0.0 @ C:\Users\michael\Documents\workspace\love-hong-kong\love-hong-kong-main\pom.xml.
2019-08-04 15:36:38,336 [Worker-14] INFO  o.e.m.j.i.AbstractJavaProjectConfigurator - Adding source folder /love-hong-kong-main/src/main/java
2019-08-04 15:36:38,336 [Worker-14] INFO  o.e.m.j.i.AbstractJavaProjectConfigurator - Adding resource folder /love-hong-kong-main/src/main/resources
2019-08-04 15:36:38,336 [Worker-14] INFO  o.e.m.j.i.AbstractJavaProjectConfigurator - Adding source folder /love-hong-kong-main/src/test/java
2019-08-04 15:36:38,337 [Worker-14] INFO  o.e.m.j.i.AbstractJavaProjectConfigurator - Adding resource folder /love-hong-kong-main/src/test/resources
2019-08-04 15:36:38,571 [Worker-17] WARN  o.e.m.c.i.embedder.EclipseLogger - Using platform encoding (Cp1252 actually) to copy filtered resources, i.e. build is platform dependent!
2019-08-04 15:36:38,572 [Worker-17] INFO  o.e.m.c.i.embedder.EclipseLogger - Copying 0 resource
2019-08-04 15:36:38,573 [Worker-17] WARN  o.e.m.c.i.embedder.EclipseLogger - Using platform encoding (Cp1252 actually) to copy filtered resources, i.e. build is platform dependent!
2019-08-04 15:36:38,574 [Worker-17] INFO  o.e.m.c.i.embedder.EclipseLogger - Copying 0 resource
2019-08-04 15:37:11,813 [Worker-16] WARN  o.e.m.c.i.embedder.EclipseLogger - Using platform encoding (Cp1252 actually) to copy filtered resources, i.e. build is platform dependent!
2019-08-04 15:37:11,816 [Worker-16] INFO  o.e.m.c.i.embedder.EclipseLogger - Copying 0 resource
2019-08-04 15:37:11,817 [Worker-16] WARN  o.e.m.c.i.embedder.EclipseLogger - Using platform encoding (Cp1252 actually) to copy filtered resources, i.e. build is platform dependent!
2019-08-04 15:37:11,818 [Worker-16] INFO  o.e.m.c.i.embedder.EclipseLogger - Copying 0 resource
2019-08-04 15:37:23,489 [Worker-15] WARN  o.e.m.c.i.embedder.EclipseLogger - Using platform encoding (Cp1252 actually) to copy filtered resources, i.e. build is platform dependent!
2019-08-04 15:37:23,490 [Worker-15] INFO  o.e.m.c.i.embedder.EclipseLogger - Copying 0 resource
2019-08-04 15:37:23,491 [Worker-15] WARN  o.e.m.c.i.embedder.EclipseLogger - Using platform encoding (Cp1252 actually) to copy filtered resources, i.e. build is platform dependent!
2019-08-04 15:37:23,492 [Worker-15] INFO  o.e.m.c.i.embedder.EclipseLogger - Copying 0 resource
2019-08-04 15:37:24,520 [Worker-22] WARN  o.e.m.c.i.embedder.EclipseLogger - Using platform encoding (Cp1252 actually) to copy filtered resources, i.e. build is platform dependent!
2019-08-04 15:37:24,521 [Worker-22] INFO  o.e.m.c.i.embedder.EclipseLogger - Copying 0 resource
2019-08-04 15:37:24,522 [Worker-22] WARN  o.e.m.c.i.embedder.EclipseLogger - Using platform encoding (Cp1252 actually) to copy filtered resources, i.e. build is platform dependent!
2019-08-04 15:37:24,524 [Worker-22] INFO  o.e.m.c.i.embedder.EclipseLogger - Copying 0 resource
2019-08-04 15:37:24,529 [Worker-22] WARN  o.e.m.c.i.embedder.EclipseLogger - Using platform encoding (Cp1252 actually) to copy filtered resources, i.e. build is platform dependent!
2019-08-04 15:37:24,530 [Worker-22] INFO  o.e.m.c.i.embedder.EclipseLogger - Copying 0 resource
2019-08-04 15:37:24,532 [Worker-22] WARN  o.e.m.c.i.embedder.EclipseLogger - Using platform encoding (Cp1252 actually) to copy filtered resources, i.e. build is platform dependent!
2019-08-04 15:37:24,533 [Worker-22] INFO  o.e.m.c.i.embedder.EclipseLogger - Copying 0 resource
